<?xml version="1.0" encoding="UTF-8"?>
<!-- Generated by org.testng.reporters.JUnitXMLReporter -->
<testsuite hostname="DESKTOP-V123S32" ignored="0" name="Login Test" tests="1" failures="1" timestamp="2020-05-26T07:57:02 IST" time="0.688" errors="0">
  <testcase name="login" time="0.011" classname="testcases.LoginTest">
    <failure type="java.lang.AssertionError" message="404 error">
      <![CDATA[java.lang.AssertionError: 404 error
at testcases.LoginTest.login(LoginTest.java:41)
at java.util.ArrayList.forEach(Unknown Source)
... Removed 28 stack frames]]>
    </failure>
  </testcase> <!-- login -->
</testsuite> <!-- Login Test -->
